<?xml version="1.0" encoding="UTF-8"?>
<testng-results ignored="0" total="1" passed="1" failed="0" skipped="0">
  <reporter-output>
  </reporter-output>
  <suite started-at="2022-12-30T14:56:43 IST" name="Default suite" finished-at="2022-12-30T14:56:44 IST" duration-ms="1921">
    <groups>
    </groups>
    <test started-at="2022-12-30T14:56:43 IST" name="Default test" finished-at="2022-12-30T14:56:44 IST" duration-ms="1921">
      <class name="com.tekizma.qa.testcases.CreateAirLineTest">
        <test-method signature="createAirLinetest()[pri:0, instance:com.tekizma.qa.testcases.CreateAirLineTest@a530d0a]" started-at="2022-12-30T14:56:43 IST" name="createAirLinetest" finished-at="2022-12-30T14:56:44 IST" duration-ms="1888" status="PASS">
          <reporter-output>
          </reporter-output>
        </test-method> <!-- createAirLinetest -->
      </class> <!-- com.tekizma.qa.testcases.CreateAirLineTest -->
    </test> <!-- Default test -->
  </suite> <!-- Default suite -->
</testng-results>
